\BOOKMARK [0][-]{chapter*.4}{Abstract}{}% 1
\BOOKMARK [0][-]{chapter*.5}{Acknowledgements}{}% 2
\BOOKMARK [0][-]{chapter.1}{Introduction\040and\040background}{}% 3
\BOOKMARK [1][-]{section.1.1}{Motivations\040for\040the\040current\040study}{chapter.1}% 4
\BOOKMARK [1][-]{section.1.2}{Structural\040overview\040of\040the\040ambiguity\040relevant\040to\040this\040study}{chapter.1}% 5
\BOOKMARK [1][-]{section.1.3}{Interrogativity}{chapter.1}% 6
\BOOKMARK [1][-]{section.1.4}{Prosody\040of\040questions\040vs.\040declaratives}{chapter.1}% 7
\BOOKMARK [1][-]{section.1.5}{Prior\040studies\040of\040prosodic\040effects\040on\040syntactic\040parsing}{chapter.1}% 8
\BOOKMARK [1][-]{section.1.6}{Predictions\040for\040the\040current\040study}{chapter.1}% 9
\BOOKMARK [0][-]{chapter.2}{Methodology}{}% 10
\BOOKMARK [1][-]{section.2.1}{Materials}{chapter.2}% 11
\BOOKMARK [1][-]{section.2.2}{Participants\040recruitment}{chapter.2}% 12
\BOOKMARK [1][-]{section.2.3}{Location}{chapter.2}% 13
\BOOKMARK [1][-]{section.2.4}{Equipment\040and\040software}{chapter.2}% 14
\BOOKMARK [1][-]{section.2.5}{Versions\040of\040the\040experiment}{chapter.2}% 15
\BOOKMARK [1][-]{section.2.6}{Procedure}{chapter.2}% 16
\BOOKMARK [1][-]{section.2.7}{Measurements\040of\040utterance\040timing}{chapter.2}% 17
\BOOKMARK [1][-]{section.2.8}{Prosodic\040judgments}{chapter.2}% 18
\BOOKMARK [0][-]{chapter.3}{Results\040and\040discussion}{}% 19
\BOOKMARK [1][-]{section.3.1}{Planned\040analyses}{chapter.3}% 20
\BOOKMARK [1][-]{section.3.2}{Exploratory\040analyses}{chapter.3}% 21
\BOOKMARK [1][-]{section.3.3}{Summary}{chapter.3}% 22
\BOOKMARK [0][-]{chapter.4}{General\040discussion}{}% 23
\BOOKMARK [1][-]{section.4.1}{Behavioral\040correlate\040for\040the\0402016\040intuition\040and\040the\040current\040hypothesis?}{chapter.4}% 24
\BOOKMARK [1][-]{section.4.2}{On\040possible\040explanations\040for\040the\040intuition}{chapter.4}% 25
\BOOKMARK [1][-]{section.4.3}{Conclusions\040and\040future\040directions}{chapter.4}% 26
\BOOKMARK [0][-]{appendix.A}{Experimental\040items}{}% 27
\BOOKMARK [0][-]{appendix.B}{Filler\040items}{}% 28
\BOOKMARK [1][-]{section*.6}{Fillers\040items\040with\040trailing\040PPs\040in\040Q/D\040pairs}{appendix.B}% 29
\BOOKMARK [1][-]{section*.7}{Fillers\040items\040without\040trailing\040PPs\040in\040Q/D\040pairs}{appendix.B}% 30
\BOOKMARK [0][-]{appendix.C}{Recruitment\040notice}{}% 31
\BOOKMARK [0][-]{appendix.D}{Instructions\040to\040participants}{}% 32
\BOOKMARK [0][-]{appendix.E}{Instructions\040for\040prosodic\040coding}{}% 33
\BOOKMARK [0][-]{appendix*.8}{References}{}% 34
